<?xml version="1.0" encoding="UTF-8"?>
<testsuite xmlns:xsi="http://www.w3.org/2001/XMLSchema-instance" xsi:noNamespaceSchemaLocation="https://maven.apache.org/surefire/maven-surefire-plugin/xsd/surefire-test-report-3.0.xsd" version="3.0" name="com.example.apiCentreal.ApiCentrealApplicationTests" time="6.805" tests="1" errors="0" skipped="0" failures="0">
  <properties>
[...]
</properties>
  <testcase name="contextLoads" classname="com.example.apiCentreal.ApiCentrealApplicationTests" time="1.698">
    <system-out><![CDATA[17:58:07.797 [main] INFO org.springframework.test.context.support.AnnotationConfigContextLoaderUtils -- Could not detect default configuration classes for test class [com.example.apiCentreal.ApiCentrealApplicationTests]: ApiCentrealApplicationTests does not declare any static, non-private, non-final, nested classes annotated with @Configuration.
17:58:08.122 [main] INFO org.springframework.boot.test.context.SpringBootTestContextBootstrapper -- Found @SpringBootConfiguration com.example.apiCentreal.ApiCentrealApplication for test class com.example.apiCentreal.ApiCentrealApplicationTests

  .   ____          _            __ _ _
 /\\ / ___'_ __ _ _(_)_ __  __ _ \ \ \ \
( ( )\___ | '_ | '_| | '_ \/ _` | \ \ \ \
 \\/  ___)| |_)| | | | | || (_| |  ) ) ) )
  '  |____| .__|_| |_|_| |_\__, | / / / /
 =========|_|==============|___/=/_/_/_/

 :: Spring Boot ::                (v3.3.5)

2024-12-02T17:58:09.184-05:00  INFO 10912 --- [apiCentreal] [           main] c.e.a.ApiCentrealApplicationTests        : Starting ApiCentrealApplicationTests using Java 23 with PID 10912 (started by yash in C:\Users\yash\Downloads\apiCentreal\apiCentreal)
2024-12-02T17:58:09.186-05:00  INFO 10912 --- [apiCentreal] [           main] c.e.a.ApiCentrealApplicationTests        : No active profile set, falling back to 1 default profile: "default"
2024-12-02T17:58:12.472-05:00  INFO 10912 --- [apiCentreal] [           main] c.e.a.ApiCentrealApplicationTests        : Started ApiCentrealApplicationTests in 4.016 seconds (process running for 6.302)
]]></system-out>
    <system-err><![CDATA[WARNING: A Java agent has been loaded dynamically (C:\Users\yash\.m2\repository\net\bytebuddy\byte-buddy-agent\1.14.19\byte-buddy-agent-1.14.19.jar)
WARNING: If a serviceability tool is in use, please run with -XX:+EnableDynamicAgentLoading to hide this warning
WARNING: If a serviceability tool is not in use, please run with -Djdk.instrument.traceUsage for more information
WARNING: Dynamic loading of agents will be disallowed by default in a future release
]]></system-err>
  </testcase>
</testsuite>